INFO - 2025-05-31 14:30:01 --> Config Class Initialized
INFO - 2025-05-31 14:30:01 --> Hooks Class Initialized
DEBUG - 2025-05-31 14:30:01 --> UTF-8 Support Enabled
INFO - 2025-05-31 14:30:01 --> Utf8 Class Initialized
INFO - 2025-05-31 14:30:01 --> URI Class Initialized
INFO - 2025-05-31 14:30:01 --> Router Class Initialized
INFO - 2025-05-31 14:30:01 --> Output Class Initialized
INFO - 2025-05-31 14:30:01 --> Security Class Initialized
DEBUG - 2025-05-31 14:30:01 --> Global POST, GET and COOKIE data sanitized
INFO - 2025-05-31 14:30:01 --> Input Class Initialized
INFO - 2025-05-31 14:30:01 --> Language Class Initialized
INFO - 2025-05-31 14:30:01 --> Loader Class Initialized
INFO - 2025-05-31 14:30:01 --> Helper loaded: url_helper
INFO - 2025-05-31 14:30:01 --> Helper loaded: form_helper
INFO - 2025-05-31 14:30:01 --> Helper loaded: html_helper
INFO - 2025-05-31 14:30:01 --> Database Driver Class Initialized
INFO - 2025-05-31 14:30:01 --> Session: Class initialized using 'database' driver.
INFO - 2025-05-31 14:30:01 --> Model "Navigation_model" initialized
INFO - 2025-05-31 14:30:01 --> Model "Columnleft_model" initialized
INFO - 2025-05-31 14:30:01 --> Model "Counter_model" initialized
INFO - 2025-05-31 14:30:01 --> Model "Mycart_model" initialized
INFO - 2025-05-31 14:30:01 --> Model "Open18_model" initialized
INFO - 2025-05-31 14:30:01 --> Controller Class Initialized
INFO - 2025-05-31 14:30:01 --> Model "Refer_model" initialized
INFO - 2025-05-31 14:30:01 --> Model "Products_model" initialized
INFO - 2025-05-31 14:30:02 --> File loaded: /home/zorroman/public_html/mangodvd.com/application/views/products.php
INFO - 2025-05-31 14:30:02 --> Final output sent to browser
DEBUG - 2025-05-31 14:30:02 --> Total execution time: 0.6229
INFO - 2025-05-31 14:30:03 --> Config Class Initialized
INFO - 2025-05-31 14:30:03 --> Hooks Class Initialized
DEBUG - 2025-05-31 14:30:03 --> UTF-8 Support Enabled
INFO - 2025-05-31 14:30:03 --> Utf8 Class Initialized
INFO - 2025-05-31 14:30:03 --> URI Class Initialized
INFO - 2025-05-31 14:30:03 --> Router Class Initialized
INFO - 2025-05-31 14:30:03 --> Output Class Initialized
INFO - 2025-05-31 14:30:03 --> Security Class Initialized
DEBUG - 2025-05-31 14:30:03 --> Global POST, GET and COOKIE data sanitized
INFO - 2025-05-31 14:30:03 --> Input Class Initialized
INFO - 2025-05-31 14:30:03 --> Language Class Initialized
INFO - 2025-05-31 14:30:03 --> Loader Class Initialized
INFO - 2025-05-31 14:30:03 --> Helper loaded: url_helper
INFO - 2025-05-31 14:30:03 --> Helper loaded: form_helper
INFO - 2025-05-31 14:30:03 --> Helper loaded: html_helper
INFO - 2025-05-31 14:30:03 --> Database Driver Class Initialized
INFO - 2025-05-31 14:30:03 --> Session: Class initialized using 'database' driver.
INFO - 2025-05-31 14:30:03 --> Model "Navigation_model" initialized
INFO - 2025-05-31 14:30:03 --> Model "Columnleft_model" initialized
INFO - 2025-05-31 14:30:03 --> Model "Counter_model" initialized
INFO - 2025-05-31 14:30:03 --> Model "Mycart_model" initialized
INFO - 2025-05-31 14:30:03 --> Model "Open18_model" initialized
INFO - 2025-05-31 14:30:03 --> Controller Class Initialized
INFO - 2025-05-31 14:30:03 --> Model "Products_model" initialized
INFO - 2025-05-31 14:30:03 --> Image Lib Class Initialized
INFO - 2025-05-31 14:30:03 --> Model "Products_images_model" initialized
INFO - 2025-05-31 14:30:03 --> Helper loaded: file_helper
INFO - 2025-05-31 14:30:03 --> Final output sent to browser
DEBUG - 2025-05-31 14:30:03 --> Total execution time: 0.0221
INFO - 2025-05-31 14:30:03 --> Config Class Initialized
INFO - 2025-05-31 14:30:03 --> Hooks Class Initialized
DEBUG - 2025-05-31 14:30:03 --> UTF-8 Support Enabled
INFO - 2025-05-31 14:30:03 --> Utf8 Class Initialized
INFO - 2025-05-31 14:30:03 --> URI Class Initialized
INFO - 2025-05-31 14:30:03 --> Router Class Initialized
INFO - 2025-05-31 14:30:03 --> Output Class Initialized
INFO - 2025-05-31 14:30:03 --> Security Class Initialized
DEBUG - 2025-05-31 14:30:03 --> Global POST, GET and COOKIE data sanitized
INFO - 2025-05-31 14:30:03 --> Input Class Initialized
INFO - 2025-05-31 14:30:03 --> Language Class Initialized
INFO - 2025-05-31 14:30:03 --> Loader Class Initialized
INFO - 2025-05-31 14:30:03 --> Helper loaded: url_helper
INFO - 2025-05-31 14:30:03 --> Helper loaded: form_helper
INFO - 2025-05-31 14:30:03 --> Helper loaded: html_helper
INFO - 2025-05-31 14:30:03 --> Database Driver Class Initialized
INFO - 2025-05-31 14:30:03 --> Session: Class initialized using 'database' driver.
INFO - 2025-05-31 14:30:03 --> Model "Navigation_model" initialized
INFO - 2025-05-31 14:30:03 --> Model "Columnleft_model" initialized
INFO - 2025-05-31 14:30:03 --> Model "Counter_model" initialized
INFO - 2025-05-31 14:30:03 --> Model "Mycart_model" initialized
INFO - 2025-05-31 14:30:03 --> Model "Open18_model" initialized
INFO - 2025-05-31 14:30:03 --> Controller Class Initialized
INFO - 2025-05-31 14:30:03 --> Model "Products_model" initialized
INFO - 2025-05-31 14:30:03 --> Image Lib Class Initialized
INFO - 2025-05-31 14:30:03 --> Model "Products_images_model" initialized
INFO - 2025-05-31 14:30:03 --> Helper loaded: file_helper
INFO - 2025-05-31 14:30:03 --> Final output sent to browser
DEBUG - 2025-05-31 14:30:03 --> Total execution time: 0.0211
INFO - 2025-05-31 14:30:04 --> Config Class Initialized
INFO - 2025-05-31 14:30:04 --> Hooks Class Initialized
DEBUG - 2025-05-31 14:30:04 --> UTF-8 Support Enabled
INFO - 2025-05-31 14:30:04 --> Utf8 Class Initialized
INFO - 2025-05-31 14:30:04 --> URI Class Initialized
INFO - 2025-05-31 14:30:04 --> Router Class Initialized
INFO - 2025-05-31 14:30:04 --> Output Class Initialized
INFO - 2025-05-31 14:30:04 --> Security Class Initialized
DEBUG - 2025-05-31 14:30:04 --> Global POST, GET and COOKIE data sanitized
INFO - 2025-05-31 14:30:04 --> Input Class Initialized
INFO - 2025-05-31 14:30:04 --> Language Class Initialized
INFO - 2025-05-31 14:30:04 --> Loader Class Initialized
INFO - 2025-05-31 14:30:04 --> Helper loaded: url_helper
INFO - 2025-05-31 14:30:04 --> Helper loaded: form_helper
INFO - 2025-05-31 14:30:04 --> Helper loaded: html_helper
INFO - 2025-05-31 14:30:04 --> Database Driver Class Initialized
INFO - 2025-05-31 14:30:04 --> Session: Class initialized using 'database' driver.
INFO - 2025-05-31 14:30:04 --> Model "Navigation_model" initialized
INFO - 2025-05-31 14:30:04 --> Model "Columnleft_model" initialized
INFO - 2025-05-31 14:30:04 --> Model "Counter_model" initialized
INFO - 2025-05-31 14:30:04 --> Model "Mycart_model" initialized
INFO - 2025-05-31 14:30:04 --> Model "Open18_model" initialized
INFO - 2025-05-31 14:30:04 --> Controller Class Initialized
INFO - 2025-05-31 14:30:04 --> Model "Products_model" initialized
INFO - 2025-05-31 14:30:04 --> Image Lib Class Initialized
INFO - 2025-05-31 14:30:04 --> Model "Products_images_model" initialized
INFO - 2025-05-31 14:30:04 --> Helper loaded: file_helper
INFO - 2025-05-31 14:30:04 --> Final output sent to browser
DEBUG - 2025-05-31 14:30:04 --> Total execution time: 0.0211
INFO - 2025-05-31 14:30:06 --> Config Class Initialized
INFO - 2025-05-31 14:30:06 --> Hooks Class Initialized
DEBUG - 2025-05-31 14:30:06 --> UTF-8 Support Enabled
INFO - 2025-05-31 14:30:06 --> Utf8 Class Initialized
INFO - 2025-05-31 14:30:06 --> URI Class Initialized
INFO - 2025-05-31 14:30:06 --> Router Class Initialized
INFO - 2025-05-31 14:30:06 --> Output Class Initialized
INFO - 2025-05-31 14:30:06 --> Security Class Initialized
DEBUG - 2025-05-31 14:30:06 --> Global POST, GET and COOKIE data sanitized
INFO - 2025-05-31 14:30:06 --> Input Class Initialized
INFO - 2025-05-31 14:30:06 --> Language Class Initialized
INFO - 2025-05-31 14:30:06 --> Loader Class Initialized
INFO - 2025-05-31 14:30:06 --> Helper loaded: url_helper
INFO - 2025-05-31 14:30:06 --> Helper loaded: form_helper
INFO - 2025-05-31 14:30:06 --> Helper loaded: html_helper
INFO - 2025-05-31 14:30:06 --> Database Driver Class Initialized
INFO - 2025-05-31 14:30:06 --> Session: Class initialized using 'database' driver.
INFO - 2025-05-31 14:30:06 --> Model "Navigation_model" initialized
INFO - 2025-05-31 14:30:06 --> Model "Columnleft_model" initialized
INFO - 2025-05-31 14:30:06 --> Model "Counter_model" initialized
INFO - 2025-05-31 14:30:06 --> Model "Mycart_model" initialized
INFO - 2025-05-31 14:30:06 --> Model "Open18_model" initialized
INFO - 2025-05-31 14:30:06 --> Controller Class Initialized
INFO - 2025-05-31 14:30:06 --> Model "Products_model" initialized
INFO - 2025-05-31 14:30:06 --> Image Lib Class Initialized
INFO - 2025-05-31 14:30:06 --> Model "Products_images_model" initialized
INFO - 2025-05-31 14:30:06 --> Helper loaded: file_helper
DEBUG - 2025-05-31 14:30:06 --> Add image request - Product: 52690, URL: undefined
DEBUG - 2025-05-31 14:30:06 --> Tmdb_api class already loaded. Second attempt ignored.
DEBUG - 2025-05-31 14:30:06 --> Process image result: {"error":"Invalid image URL"}
INFO - 2025-05-31 14:30:06 --> Final output sent to browser
DEBUG - 2025-05-31 14:30:06 --> Total execution time: 0.0206
INFO - 2025-05-31 14:30:07 --> Config Class Initialized
INFO - 2025-05-31 14:30:07 --> Hooks Class Initialized
DEBUG - 2025-05-31 14:30:07 --> UTF-8 Support Enabled
INFO - 2025-05-31 14:30:07 --> Utf8 Class Initialized
INFO - 2025-05-31 14:30:07 --> URI Class Initialized
INFO - 2025-05-31 14:30:07 --> Router Class Initialized
INFO - 2025-05-31 14:30:07 --> Output Class Initialized
INFO - 2025-05-31 14:30:07 --> Security Class Initialized
DEBUG - 2025-05-31 14:30:07 --> Global POST, GET and COOKIE data sanitized
INFO - 2025-05-31 14:30:07 --> Input Class Initialized
INFO - 2025-05-31 14:30:07 --> Language Class Initialized
INFO - 2025-05-31 14:30:07 --> Loader Class Initialized
INFO - 2025-05-31 14:30:07 --> Helper loaded: url_helper
INFO - 2025-05-31 14:30:07 --> Helper loaded: form_helper
INFO - 2025-05-31 14:30:07 --> Helper loaded: html_helper
INFO - 2025-05-31 14:30:07 --> Database Driver Class Initialized
INFO - 2025-05-31 14:30:07 --> Session: Class initialized using 'database' driver.
INFO - 2025-05-31 14:30:07 --> Model "Navigation_model" initialized
INFO - 2025-05-31 14:30:07 --> Model "Columnleft_model" initialized
INFO - 2025-05-31 14:30:07 --> Model "Counter_model" initialized
INFO - 2025-05-31 14:30:07 --> Model "Mycart_model" initialized
INFO - 2025-05-31 14:30:07 --> Model "Open18_model" initialized
INFO - 2025-05-31 14:30:07 --> Controller Class Initialized
INFO - 2025-05-31 14:30:07 --> Model "Products_model" initialized
INFO - 2025-05-31 14:30:07 --> Image Lib Class Initialized
INFO - 2025-05-31 14:30:07 --> Model "Products_images_model" initialized
INFO - 2025-05-31 14:30:07 --> Helper loaded: file_helper
DEBUG - 2025-05-31 14:30:07 --> Add image request - Product: 52690, URL: undefined
DEBUG - 2025-05-31 14:30:07 --> Tmdb_api class already loaded. Second attempt ignored.
DEBUG - 2025-05-31 14:30:07 --> Process image result: {"error":"Invalid image URL"}
INFO - 2025-05-31 14:30:07 --> Final output sent to browser
DEBUG - 2025-05-31 14:30:07 --> Total execution time: 0.0215
INFO - 2025-05-31 14:30:09 --> Config Class Initialized
INFO - 2025-05-31 14:30:09 --> Hooks Class Initialized
DEBUG - 2025-05-31 14:30:09 --> UTF-8 Support Enabled
INFO - 2025-05-31 14:30:09 --> Utf8 Class Initialized
INFO - 2025-05-31 14:30:09 --> URI Class Initialized
DEBUG - 2025-05-31 14:30:09 --> No URI present. Default controller set.
INFO - 2025-05-31 14:30:09 --> Router Class Initialized
INFO - 2025-05-31 14:30:09 --> Output Class Initialized
INFO - 2025-05-31 14:30:09 --> Security Class Initialized
DEBUG - 2025-05-31 14:30:09 --> Global POST, GET and COOKIE data sanitized
INFO - 2025-05-31 14:30:09 --> Input Class Initialized
INFO - 2025-05-31 14:30:09 --> Language Class Initialized
INFO - 2025-05-31 14:30:09 --> Loader Class Initialized
INFO - 2025-05-31 14:30:09 --> Helper loaded: url_helper
INFO - 2025-05-31 14:30:09 --> Helper loaded: form_helper
INFO - 2025-05-31 14:30:09 --> Helper loaded: html_helper
INFO - 2025-05-31 14:30:09 --> Database Driver Class Initialized
INFO - 2025-05-31 14:30:09 --> Session: Class initialized using 'database' driver.
INFO - 2025-05-31 14:30:09 --> Model "Navigation_model" initialized
INFO - 2025-05-31 14:30:09 --> Model "Columnleft_model" initialized
INFO - 2025-05-31 14:30:09 --> Model "Counter_model" initialized
INFO - 2025-05-31 14:30:09 --> Model "Mycart_model" initialized
INFO - 2025-05-31 14:30:09 --> Model "Open18_model" initialized
INFO - 2025-05-31 14:30:09 --> Controller Class Initialized
INFO - 2025-05-31 14:30:09 --> Model "Refer_model" initialized
INFO - 2025-05-31 14:30:09 --> Model "Products_model" initialized
INFO - 2025-05-31 14:30:09 --> Model "Page_model" initialized
INFO - 2025-05-31 14:30:10 --> Helper loaded: file_helper
INFO - 2025-05-31 14:30:10 --> File loaded: /home/zorroman/public_html/mangodvd.com/application/views/home.php
INFO - 2025-05-31 14:30:10 --> Final output sent to browser
DEBUG - 2025-05-31 14:30:10 --> Total execution time: 0.8916
