52690:280 Mixed Content: The page at 'https://www.mangodvd.com/quiz/products_images_test/manage/52690' was loaded over HTTPS, but requested an insecure element 'http://www.mangodvd.com/image/admin/bg_header.png'. This request was automatically upgraded to HTTPS, For more information see https://blog.chromium.org/2019/10/no-more-mixed-messages-about-https.html
52690:375 Uncaught ReferenceError: dTree is not defined
    at 52690:375:17
(anonymous) @ 52690:375
52690:930 Search response: {results: Array(1), total_results: 1}
52690:978 selectTmdbItem - ID: 822119 Type: movie Title: กัปตัน อเมริกา: ศึกฮีโร่จักรวาลใหม่
52690:997 Get images response: {"posters":[{"aspect_ratio":0.6670000000000000373034936274052597582340240478515625,"height":3000,"iso_639_1":"en","file_path":"\/pzIddUEMWhWzfvLI3TwxUG2wGoi.jpg","vote_average":6.20000000000000017763568394002504646778106689453125,"vote_count":50,"width":2000,"preview_url":"https:\/\/image.tmdb.org\/t\/p\/w342\/pzIddUEMWhWzfvLI3TwxUG2wGoi.jpg","full_url":"https:\/\/image.tmdb.org\/t\/p\/original\/pzIddUEMWhWzfvLI3TwxUG2wGoi.jpg"},{"aspect_ratio":0.6670000000000000373034936274052597582340240478515625,"height":3000,"iso_639_1":null,"file_path":"\/97OfRpyR6fIwqnBzFptVSu70E1p.jpg","vote_average":10,"vote_count":5,"width":2000,"preview_url":"https:\/\/image.tmdb.org\/t\/p\/w342\/97OfRpyR6fIwqnBzFptVSu70E1p.jpg","full_url":"https:\/\/image.tmdb.org\/t\/p\/original\/97OfRpyR6fIwqnBzFptVSu70E1p.jpg"},{"aspect_ratio":0.6670000000000000373034936274052597582340240478515625,"height":3000,"iso_639_1":null,"file_path":"\/fva0XcaHrxBvcNK370mGT5CHCa3.jpg","vote_average":8.0340000000000006963318810448981821537017822265625,"vote_count":5,"width":2000,"preview_url":"https:\/\/image.tmdb.org\/t\/p\/w342\/fva0XcaHrxBvcNK370mGT5CHCa3.jpg","full_url":"https:\/\/image.tmdb.org\/t\/p\/original\/fva0XcaHrxBvcNK370mGT5CHCa3.jpg"},{"aspect_ratio":0.6670000000000000373034936274052597582340240478515625,"height":3000,"iso_639_1":null,"file_path":"\/oHHOnZEni63qDg5fZ042gUx41mj.jpg","vote_average":8.0340000000000006963318810448981821537017822265625,"vote_count":5,"width":2000,"preview_url":"https:\/\/image.tmdb.org\/t\/p\/w342\/oHHOnZEni63qDg5fZ042gUx41mj.jpg","full_url":"https:\/\/image.tmdb.org\/t\/p\/original\/oHHOnZEni63qDg5fZ042gUx41mj.jpg"},{"aspect_ratio":0.6670000000000000373034936274052597582340240478515625,"height":3000,"iso_639_1":null,"file_path":"\/aSi3ufNnS2fyT9zhBh6XouzF1OC.jpg","vote_average":8.0340000000000006963318810448981821537017822265625,"vote_count":5,"width":2000,"preview_url":"https:\/\/image.tmdb.org\/t\/p\/w342\/aSi3ufNnS2fyT9zhBh6XouzF1OC.jpg","full_url":"https:\/\/image.tmdb.org\/t\/p\/original\/aSi3ufNnS2fyT9zhBh6XouzF1OC.jpg"},{"aspect_ratio":0.6670000000000000373034936274052597582340240478515625,"height":3000,"iso_639_1":null,"file_path":"\/2I0h5OS5fGDeoGwjDvp31bcgEJH.jpg","vote_average":8.0340000000000006963318810448981821537017822265625,"vote_count":5,"width":2000,"preview_url":"https:\/\/image.tmdb.org\/t\/p\/w342\/2I0h5OS5fGDeoGwjDvp31bcgEJH.jpg","full_url":"https:\/\/image.tmdb.org\/t\/p\/original\/2I0h5OS5fGDeoGwjDvp31bcgEJH.jpg"},{"aspect_ratio":0.6670000000000000373034936274052597582340240478515625,"height":1620,"iso_639_1":"en","file_path":"\/mFzFJc1XnGqaEbyac2KcCFJx8Uo.jpg","vote_average":6,"vote_count":19,"width":1080,"preview_url":"https:\/\/image.tmdb.org\/t\/p\/w342\/mFzFJc1XnGqaEbyac2KcCFJx8Uo.jpg","full_url":"https:\/\/image.tmdb.org\/t\/p\/original\/mFzFJc1XnGqaEbyac2KcCFJx8Uo.jpg"},{"aspect_ratio":0.6670000000000000373034936274052597582340240478515625,"height":3000,"iso_639_1":"en","file_path":"\/4YFyYcUPfrbpj6VpgWh7xoUnwLA.jpg","vote_average":5.80199999999999960209606797434389591217041015625,"vote_count":43,"width":2000,"preview_url":"https:\/\/image.tmdb.org\/t\/p\/w342\/4YFyYcUPfrbpj6VpgWh7xoUnwLA.jpg","full_url":"https:\/\/image.tmdb.org\/t\/p\/original\/4YFyYcUPfrbpj6VpgWh7xoUnwLA.jpg"},{"aspect_ratio":0.6670000000000000373034936274052597582340240478515625,"height":1350,"iso_639_1":"en","file_path":"\/5w1iHCw9CK6YrTm6NEU1p2sQf11.jpg","vote_average":5.6820000000000003836930773104541003704071044921875,"vote_count":11,"width":900,"preview_url":"https:\/\/image.tmdb.org\/t\/p\/w342\/5w1iHCw9CK6YrTm6NEU1p2sQf11.jpg","full_url":"https:\/\/image.tmdb.org\/t\/p\/original\/5w1iHCw9CK6YrTm6NEU1p2sQf11.jpg"},{"aspect_ratio":0.6670000000000000373034936274052597582340240478515625,"height":3000,"iso_639_1":"en","file_path":"\/9TFKZfzzsajmmbu0xWY988Kc7D8.jpg","vote_average":4.85400000000000009237055564881302416324615478515625,"vote_count":24,"width":2000,"preview_url":"https:\/\/image.tmdb.org\/t\/p\/w342\/9TFKZfzzsajmmbu0xWY988Kc7D8.jpg","full_url":"https:\/\/image.tmdb.org\/t\/p\/original\/9TFKZfzzsajmmbu0xWY988Kc7D8.jpg"},{"aspect_ratio":0.6670000000000000373034936274052597582340240478515625,"height":1620,"iso_639_1":"en","file_path":"\/4mHJa1xOteCztTQEkXw88TRBFwa.jpg","vote_average":4.72200000000000041922021409845910966396331787109375,"vote_count":18,"width":1080,"preview_url":"https:\/\/image.tmdb.org\/t\/p\/w342\/4mHJa1xOteCztTQEkXw88TRBFwa.jpg","full_url":"https:\/\/image.tmdb.org\/t\/p\/original\/4mHJa1xOteCztTQEkXw88TRBFwa.jpg"},{"aspect_ratio":0.6670000000000000373034936274052597582340240478515625,"height":2048,"iso_639_1":"en","file_path":"\/mZUTBHzb0DXgrISwM28OjqGlFYa.jpg","vote_average":4.53000000000000024868995751603506505489349365234375,"vote_count":33,"width":1365,"preview_url":"https:\/\/image.tmdb.org\/t\/p\/w342\/mZUTBHzb0DXgrISwM28OjqGlFYa.jpg","full_url":"https:\/\/image.tmdb.org\/t\/p\/original\/mZUTBHzb0DXgrISwM28OjqGlFYa.jpg"},{"aspect_ratio":0.667000000000000037303493627405259
52690:1009 Parsed data: {posters: Array(148)}
52690:1025 showImageSelection - posters: (148) [{…}, {…}, {…}, {…}, {…}, {…}, {…}, {…}, {…}, {…}, {…}, {…}, {…}, {…}, {…}, {…}, {…}, {…}, {…}, {…}, {…}, {…}, {…}, {…}, {…}, {…}, {…}, {…}, {…}, {…}, {…}, {…}, {…}, {…}, {…}, {…}, {…}, {…}, {…}, {…}, {…}, {…}, {…}, {…}, {…}, {…}, {…}, {…}, {…}, {…}, {…}, {…}, {…}, {…}, {…}, {…}, {…}, {…}, {…}, {…}, {…}, {…}, {…}, {…}, {…}, {…}, {…}, {…}, {…}, {…}, {…}, {…}, {…}, {…}, {…}, {…}, {…}, {…}, {…}, {…}, {…}, {…}, {…}, {…}, {…}, {…}, {…}, {…}, {…}, {…}, {…}, {…}, {…}, {…}, {…}, {…}, {…}, {…}, {…}, {…}, …]
52690:1035 Poster 0: {aspect_ratio: 0.667, height: 3000, iso_639_1: 'en', file_path: '/pzIddUEMWhWzfvLI3TwxUG2wGoi.jpg', vote_average: 6.2, …}
52690:1035 Poster 1: {aspect_ratio: 0.667, height: 3000, iso_639_1: null, file_path: '/97OfRpyR6fIwqnBzFptVSu70E1p.jpg', vote_average: 10, …}
52690:1035 Poster 2: {aspect_ratio: 0.667, height: 3000, iso_639_1: null, file_path: '/fva0XcaHrxBvcNK370mGT5CHCa3.jpg', vote_average: 8.034, …}
52690:1035 Poster 3: {aspect_ratio: 0.667, height: 3000, iso_639_1: null, file_path: '/oHHOnZEni63qDg5fZ042gUx41mj.jpg', vote_average: 8.034, …}
52690:1035 Poster 4: {aspect_ratio: 0.667, height: 3000, iso_639_1: null, file_path: '/aSi3ufNnS2fyT9zhBh6XouzF1OC.jpg', vote_average: 8.034, …}
52690:1035 Poster 5: {aspect_ratio: 0.667, height: 3000, iso_639_1: null, file_path: '/2I0h5OS5fGDeoGwjDvp31bcgEJH.jpg', vote_average: 8.034, …}
52690:1035 Poster 6: {aspect_ratio: 0.667, height: 1620, iso_639_1: 'en', file_path: '/mFzFJc1XnGqaEbyac2KcCFJx8Uo.jpg', vote_average: 6, …}
52690:1035 Poster 7: {aspect_ratio: 0.667, height: 3000, iso_639_1: 'en', file_path: '/4YFyYcUPfrbpj6VpgWh7xoUnwLA.jpg', vote_average: 5.802, …}
52690:1035 Poster 8: {aspect_ratio: 0.667, height: 1350, iso_639_1: 'en', file_path: '/5w1iHCw9CK6YrTm6NEU1p2sQf11.jpg', vote_average: 5.682, …}
52690:1035 Poster 9: {aspect_ratio: 0.667, height: 3000, iso_639_1: 'en', file_path: '/9TFKZfzzsajmmbu0xWY988Kc7D8.jpg', vote_average: 4.854, …}
52690:1035 Poster 10: {aspect_ratio: 0.667, height: 1620, iso_639_1: 'en', file_path: '/4mHJa1xOteCztTQEkXw88TRBFwa.jpg', vote_average: 4.722, …}
52690:1035 Poster 11: {aspect_ratio: 0.667, height: 2048, iso_639_1: 'en', file_path: '/mZUTBHzb0DXgrISwM28OjqGlFYa.jpg', vote_average: 4.53, …}
52690:1035 Poster 12: {aspect_ratio: 0.667, height: 2048, iso_639_1: 'en', file_path: '/v3P50v2gBiIMswebs1iqXvo6LOw.jpg', vote_average: 4.154, …}
52690:1035 Poster 13: {aspect_ratio: 0.667, height: 2048, iso_639_1: 'en', file_path: '/dtN9rb1fntFEAYxbElMCFLp2UIr.jpg', vote_average: 3.954, …}
52690:1035 Poster 14: {aspect_ratio: 0.667, height: 1500, iso_639_1: 'en', file_path: '/vtkO25xqLqaSY19OYt66xcmyLaw.jpg', vote_average: 3.892, …}
52690:1035 Poster 15: {aspect_ratio: 0.667, height: 1432, iso_639_1: 'en', file_path: '/7lCKwEgeBILUriTUAQv9FOQ31Bv.jpg', vote_average: 3.666, …}
52690:1035 Poster 16: {aspect_ratio: 0.667, height: 2048, iso_639_1: 'en', file_path: '/9QNHH4WmxrN7ClfqSwi33sZwkWq.jpg', vote_average: 3.666, …}
52690:1035 Poster 17: {aspect_ratio: 0.67, height: 1280, iso_639_1: 'en', file_path: '/jmobYdUXrbj1g5QFWjeomOk2Noz.jpg', vote_average: 3.392, …}
52690:1035 Poster 18: {aspect_ratio: 0.667, height: 3000, iso_639_1: null, file_path: '/56mIu1630ALe3F9RP1Szlv0qVyb.jpg', vote_average: 3.334, …}
52690:1035 Poster 19: {aspect_ratio: 0.667, height: 3000, iso_639_1: null, file_path: '/v9f0tqS9DkTZUrC9Ukor0ZUW6x3.jpg', vote_average: 3.334, …}
52690:1035 Poster 20: {aspect_ratio: 0.667, height: 3000, iso_639_1: null, file_path: '/kd8MFQjZQOg5acQn5c0DoQGTSsG.jpg', vote_average: 3.334, …}
52690:1035 Poster 21: {aspect_ratio: 0.667, height: 3000, iso_639_1: null, file_path: '/h1bA43tJts5ZMuj2glEeXrzURiL.jpg', vote_average: 3.334, …}
52690:1035 Poster 22: {aspect_ratio: 0.667, height: 1500, iso_639_1: null, file_path: '/k6RUGSYK9yoaxicRV2iDPcmgw4t.jpg', vote_average: 3.334, …}
52690:1035 Poster 23: {aspect_ratio: 0.667, height: 3000, iso_639_1: null, file_path: '/bfEO4XOGFxQnxAweiAsRDFIUgi5.jpg', vote_average: 3.334, …}
52690:1035 Poster 24: {aspect_ratio: 0.667, height: 3000, iso_639_1: 'en', file_path: '/hJXtffuBTUX09CR8y7m2HaV6s4F.jpg', vote_average: 3.334, …}
52690:1035 Poster 25: {aspect_ratio: 0.667, height: 3000, iso_639_1: 'en', file_path: '/2o0d4I95QmuHfBtEhCZpXJbG9Cm.jpg', vote_average: 2.876, …}
52690:1035 Poster 26: {aspect_ratio: 0.666, height: 2458, iso_639_1: 'en', file_path: '/4TdO2Yb3BAytoa8c2CB3pFonGUq.jpg', vote_average: 2.542, …}
52690:1035 Poster 27: {aspect_ratio: 0.667, height: 3000, iso_639_1: null, file_path: '/cBz8qxIqudFMsciFgBYKIiaEWlG.jpg', vote_average: 2.278, …}
52690:1035 Poster 28: {aspect_ratio: 0.666, height: 2458, iso_639_1: 'en', file_path: '/8MTrKsHY6tlHJLUVIqXzvGr8ICY.jpg', vote_average: 2.278, …}
52690:1035 Poster 29: {aspect_ratio: 0.667, height: 3000, iso_639_1: 'en', file_path: '/wWnCoHeUxBwJMpEh9rzagBn2NMf.jpg', vote_average: 2.278, …}
52690:1035 Poster 30: {aspect_ratio: 0.667, height: 1350, iso_639_1: 'en', file_path: '/9EXlBELIcbPbRXwmcq65WExIQAN.jpg', vote_average: 2.278, …}
52690:1035 Poster 31: {aspect_ratio: 0.667, height: 3000, iso_639_1: 'en', file_path: '/eIQbQGCFU9UtmA8g8scQUg1nnun.jpg', vote_average: 2.278, …}
52690:1035 Poster 32: {aspect_ratio: 0.667, height: 3000, iso_639_1: 'en', file_path: '/msjvz8HJUtKxhJCvGPuqv5Kpp5G.jpg', vote_average: 2.066, …}
52690:1035 Poster 33: {aspect_ratio: 0.667, height: 1860, iso_639_1: 'en', file_path: '/iTGJvRE0Uz8tJhOoCR53xRmHnsz.jpg', vote_average: 2.066, …}
52690:1035 Poster 34: {aspect_ratio: 0.667, height: 3000, iso_639_1: 'en', file_path: '/qKWcyMYQnRQyWzsZnREU7jVCuTE.jpg', vote_average: 2.066, …}
52690:1035 Poster 35: {aspect_ratio: 0.667, height: 3000, iso_639_1: null, file_path: '/epjHHToC2DAUyuTHcK1484kz83A.jpg', vote_average: 1.75, …}
52690:1035 Poster 36: {aspect_ratio: 0.667, height: 2790, iso_639_1: null, file_path: '/7D28dNmgNZXxXq4DcCeMS6BFbEz.jpg', vote_average: 1.75, …}
52690:1035 Poster 37: {aspect_ratio: 0.667, height: 3000, iso_639_1: null, file_path: '/kMuFmRCTQplZZgKQ5tYjEpBCgdJ.jpg', vote_average: 1.75, …}
52690:1035 Poster 38: {aspect_ratio: 0.666, height: 2000, iso_639_1: null, file_path: '/bDcUH4J9VVpG2GlY6zZFDqD0Vkf.jpg', vote_average: 1.75, …}
52690:1035 Poster 39: {aspect_ratio: 0.667, height: 3000, iso_639_1: null, file_path: '/70JUNuF11S2vuo753DRPgSNV0t.jpg', vote_average: 1.75, …}
52690:1035 Poster 40: {aspect_ratio: 0.667, height: 3000, iso_639_1: null, file_path: '/18x1Mypocujplba5Nl68TiGmswY.jpg', vote_average: 1.75, …}
52690:1035 Poster 41: {aspect_ratio: 0.675, height: 2048, iso_639_1: 'en', file_path: '/4dQkm8E9XOekdsf2nrea7zI9aqG.jpg', vote_average: 1.75, …}
52690:1035 Poster 42: {aspect_ratio: 0.667, height: 3000, iso_639_1: null, file_path: '/lDXwS8uGgwa2bmk94OJpMWsK7Lz.jpg', vote_average: 1.75, …}
52690:1035 Poster 43: {aspect_ratio: 0.667, height: 3000, iso_639_1: 'en', file_path: '/6Ui1sDqef8AnFXN0WbCM9g3rzhA.jpg', vote_average: 1.75, …}
52690:1035 Poster 44: {aspect_ratio: 0.667, height: 3000, iso_639_1: null, file_path: '/zjSCrv5gR4rtW52PMs2cZSMe81W.jpg', vote_average: 1.75, …}
52690:1035 Poster 45: {aspect_ratio: 0.667, height: 3000, iso_639_1: null, file_path: '/jn9FVxE4ySxk3r0EoBbhDN9UHag.jpg', vote_average: 1.75, …}
52690:1035 Poster 46: {aspect_ratio: 0.667, height: 3000, iso_639_1: null, file_path: '/4VUkMNWbN600cKs7w8mpfemtDVT.jpg', vote_average: 1.75, …}
52690:1035 Poster 47: {aspect_ratio: 0.667, height: 3000, iso_639_1: null, file_path: '/20KRj3SeYmVJID9DQyJhyUEJygl.jpg', vote_average: 1.75, …}
52690:1035 Poster 48: {aspect_ratio: 0.667, height: 3000, iso_639_1: null, file_path: '/ayYDRKIdWl9v7IkqFbCYzRGWwXK.jpg', vote_average: 1.75, …}
52690:1035 Poster 49: {aspect_ratio: 0.667, height: 3000, iso_639_1: null, file_path: '/bPuHara44ErmegTFjZTh2vkIgB7.jpg', vote_average: 1.75, …}
52690:1035 Poster 50: {aspect_ratio: 0.666, height: 3000, iso_639_1: null, file_path: '/wBKwbFJDeNnOw4UMM0Va9lbx9Ed.jpg', vote_average: 1.75, …}
52690:1035 Poster 51: {aspect_ratio: 0.667, height: 3000, iso_639_1: 'en', file_path: '/8xdKfvkyqvpyYCSQ3Ur5ykPY4qn.jpg', vote_average: 1.75, …}
52690:1035 Poster 52: {aspect_ratio: 0.667, height: 3000, iso_639_1: 'en', file_path: '/f8QS58gp0H86VMzYBhxn1vqX6Xr.jpg', vote_average: 1.75, …}
52690:1035 Poster 53: {aspect_ratio: 0.667, height: 3000, iso_639_1: 'en', file_path: '/4GFYlVnho1jsZ02PVp4kQ6zWqVd.jpg', vote_average: 1.75, …}
52690:1035 Poster 54: {aspect_ratio: 0.666, height: 1993, iso_639_1: 'en', file_path: '/s3r8cc3Y1laosna4TnhSRI1iixQ.jpg', vote_average: 1.75, …}
52690:1035 Poster 55: {aspect_ratio: 0.666, height: 1993, iso_639_1: 'en', file_path: '/3WTtlhjEhOQUTSWJdV7D0DJtmAp.jpg', vote_average: 1.75, …}
52690:1035 Poster 56: {aspect_ratio: 0.667, height: 1350, iso_639_1: 'en', file_path: '/oQzo16KKBf6B4S8cUhOwpFKmvDQ.jpg', vote_average: 1.75, …}
52690:1035 Poster 57: {aspect_ratio: 0.667, height: 3000, iso_639_1: 'en', file_path: '/Z6Y1jXtxqO0nqcnI1jkN6a7jAN.jpg', vote_average: 1.75, …}
52690:1035 Poster 58: {aspect_ratio: 0.667, height: 1500, iso_639_1: 'en', file_path: '/zHliRsWXBby9GqH54e0vn2BbwkL.jpg', vote_average: 1.75, …}
52690:1035 Poster 59: {aspect_ratio: 0.667, height: 3000, iso_639_1: 'en', file_path: '/oC4mf5ZFAm2H4ebqTYoy7d2WIy6.jpg', vote_average: 1.75, …}
52690:1035 Poster 60: {aspect_ratio: 0.667, height: 3000, iso_639_1: null, file_path: '/7YU5RIJdalK49wILKFScmoFVxp0.jpg', vote_average: 1.75, …}
52690:1035 Poster 61: {aspect_ratio: 0.667, height: 3000, iso_639_1: null, file_path: '/oyePOuDIbnXM2njPPSHPEnwFmby.jpg', vote_average: 1.75, …}
52690:1035 Poster 62: {aspect_ratio: 0.667, height: 3000, iso_639_1: 'en', file_path: '/8gHWFWkbrEpUifU9BTmGfGvJ3U.jpg', vote_average: 1.75, …}
52690:1035 Poster 63: {aspect_ratio: 0.667, height: 3000, iso_639_1: 'en', file_path: '/eHK4ZiwUirB4QznqlgwZ6aB7IET.jpg', vote_average: 1.75, …}
52690:1035 Poster 64: {aspect_ratio: 0.667, height: 1500, iso_639_1: 'en', file_path: '/6glWOxcFgqznYSFBqOs8mrq8CEJ.jpg', vote_average: 1.75, …}
52690:1035 Poster 65: {aspect_ratio: 0.667, height: 3000, iso_639_1: 'en', file_path: '/e3QToozChJdIPwz70ydQpdDGjob.jpg', vote_average: 1.75, …}
52690:1035 Poster 66: {aspect_ratio: 0.667, height: 3000, iso_639_1: 'en', file_path: '/kvvQW7PjppUGQ1NLNGfNKfpSs1F.jpg', vote_average: 1.75, …}
52690:1035 Poster 67: {aspect_ratio: 0.667, height: 2048, iso_639_1: 'en', file_path: '/n1SdvKDtR65gCImYWLoDujksEEd.jpg', vote_average: 1.75, …}
52690:1035 Poster 68: {aspect_ratio: 0.667, height: 1500, iso_639_1: 'en', file_path: '/w1UEdIh3t2zsmeDOEgBBnGqEO0f.jpg', vote_average: 1.75, …}
52690:1035 Poster 69: {aspect_ratio: 0.667, height: 3000, iso_639_1: 'en', file_path: '/jBQkI0pB6Sitcodac6HI6K4fqRo.jpg', vote_average: 1.714, …}
52690:1035 Poster 70: {aspect_ratio: 0.667, height: 3000, iso_639_1: 'en', file_path: '/hnVRPbrT49w4KGGHJjZuahXbnBz.jpg', vote_average: 1.434, …}
52690:1035 Poster 71: {aspect_ratio: 0.667, height: 3000, iso_639_1: null, file_path: '/pl76xxjA5oyvW2Z8B3gubzWMJNv.jpg', vote_average: 1.222, …}
52690:1035 Poster 72: {aspect_ratio: 0.667, height: 3000, iso_639_1: null, file_path: '/vEETPDwGe5kEfpHCCkjAnAiXgwo.jpg', vote_average: 1.222, …}
52690:1035 Poster 73: {aspect_ratio: 0.667, height: 3000, iso_639_1: null, file_path: '/t273TYkgM0DuwfXTJTEAFMf9Cds.jpg', vote_average: 1.222, …}
52690:1035 Poster 74: {aspect_ratio: 0.667, height: 3000, iso_639_1: 'en', file_path: '/ee77QPkWy2czSqYQZ2S4ajah2P3.jpg', vote_average: 1.222, …}
52690:1035 Poster 75: {aspect_ratio: 0.667, height: 2500, iso_639_1: 'en', file_path: '/gbLpe8ZLkfwNj9lVZLzj3RZqwrZ.jpg', vote_average: 1.154, …}
52690:1035 Poster 76: {aspect_ratio: 0.675, height: 2500, iso_639_1: 'en', file_path: '/25Z3qEbLce3KPCL3MFR5c1uz9vv.jpg', vote_average: 1.066, …}
52690:1035 Poster 77: {aspect_ratio: 0.667, height: 3000, iso_639_1: 'en', file_path: '/8Oa8tBhBJU0dwTLSfwZTkQAXi2y.jpg', vote_average: 0.972, …}
52690:1035 Poster 78: {aspect_ratio: 0.675, height: 1600, iso_639_1: 'en', file_path: '/lzrxyEFKxKeqa3onv3QSgJod1qO.jpg', vote_average: 0.958, …}
52690:1035 Poster 79: {aspect_ratio: 0.667, height: 1350, iso_639_1: 'en', file_path: '/5sNsoUetUW2CIdPVWb5AoFJ7Vx5.jpg', vote_average: 0.904, …}
52690:1035 Poster 80: {aspect_ratio: 0.675, height: 1300, iso_639_1: 'en', file_path: '/mgBclpox9o5W8753ZJZfNIAqbxz.jpg', vote_average: 0.166, …}
52690:1035 Poster 81: {aspect_ratio: 0.667, height: 2500, iso_639_1: null, file_path: '/si3wshNejldGnSSoyOWY2cLZc9P.jpg', vote_average: 0.166, …}
52690:1035 Poster 82: {aspect_ratio: 0.667, height: 750, iso_639_1: 'en', file_path: '/soYZH7jvWNaiUGDxAhz87MpHxyK.jpg', vote_average: 0.166, …}
52690:1035 Poster 83: {aspect_ratio: 0.667, height: 1440, iso_639_1: 'en', file_path: '/sj5kcdo2i7WHdXxm1l88RhkmJpM.jpg', vote_average: 0.166, …}
52690:1035 Poster 84: {aspect_ratio: 0.675, height: 1600, iso_639_1: 'en', file_path: '/1vxML4GRBr1oIFxQnpasPdJbmP1.jpg', vote_average: 0.166, …}
52690:1035 Poster 85: {aspect_ratio: 0.667, height: 3000, iso_639_1: 'en', file_path: '/yHFCk7BmsbCojBZ2sfL6hBG4Keq.jpg', vote_average: 0.166, …}
52690:1035 Poster 86: {aspect_ratio: 0.675, height: 1000, iso_639_1: 'en', file_path: '/fsHbYk2ftpHEYG4gjGdP5JvE81K.jpg', vote_average: 0.166, …}
52690:1035 Poster 87: {aspect_ratio: 0.67, height: 1386, iso_639_1: 'en', file_path: '/ntcZzyR3mSq4AIYqP7kfak2Qo9x.jpg', vote_average: 0.166, …}
52690:1035 Poster 88: {aspect_ratio: 0.667, height: 1200, iso_639_1: 'en', file_path: '/gGTrErnnGVyHiDSMlIl0s2Ybvfk.jpg', vote_average: 0.166, …}
52690:1035 Poster 89: {aspect_ratio: 0.667, height: 3000, iso_639_1: 'en', file_path: '/veTf0wS3zXmee0ZEFUMtHH4crlo.jpg', vote_average: 0.166, …}
52690:1035 Poster 90: {aspect_ratio: 0.667, height: 3000, iso_639_1: 'en', file_path: '/6pSb4wm7S7tOe68GbwLthe8arbf.jpg', vote_average: 0.166, …}
52690:1035 Poster 91: {aspect_ratio: 0.667, height: 3000, iso_639_1: 'en', file_path: '/4Xb05mSBPD5DfIRgebb8ecHLqL0.jpg', vote_average: 0.166, …}
52690:1035 Poster 92: {aspect_ratio: 0.667, height: 1000, iso_639_1: 'th', file_path: '/znpmNCQc4bPiFKXUFHN38pWoFtV.jpg', vote_average: 0, …}
52690:1035 Poster 93: {aspect_ratio: 0.666, height: 2000, iso_639_1: null, file_path: '/o8YUlaCC8wShQ4wKd06Ylmxjl7m.jpg', vote_average: 0, …}
52690:1035 Poster 94: {aspect_ratio: 0.667, height: 3000, iso_639_1: null, file_path: '/ylf1dBnEvseCKnLwHMADH1C76eS.jpg', vote_average: 0, …}
52690:1035 Poster 95: {aspect_ratio: 0.667, height: 2250, iso_639_1: null, file_path: '/tpLr6CjbmQnTm5qr9E6JMczjZKc.jpg', vote_average: 0, …}
52690:1035 Poster 96: {aspect_ratio: 0.667, height: 3000, iso_639_1: null, file_path: '/f7CQ9E9GU8mcfay4ddUtEaRLJuu.jpg', vote_average: 0, …}
52690:1035 Poster 97: {aspect_ratio: 0.666, height: 1577, iso_639_1: 'th', file_path: '/keRT1bm1QFkxzaODdYy41cLEchU.jpg', vote_average: 0, …}
52690:1035 Poster 98: {aspect_ratio: 0.666, height: 1579, iso_639_1: 'th', file_path: '/lLjrz3QwRk15L73C7s4yWZRjGiZ.jpg', vote_average: 0, …}
52690:1035 Poster 99: {aspect_ratio: 0.667, height: 1695, iso_639_1: 'th', file_path: '/3oMCarjGhq7I6hPwdneI8auy9N2.jpg', vote_average: 0, …}
52690:1035 Poster 100: {aspect_ratio: 0.667, height: 1686, iso_639_1: 'th', file_path: '/tmOyBSWzDJVB5rZq311oa6FcHoV.jpg', vote_average: 0, …}
52690:1035 Poster 101: {aspect_ratio: 0.667, height: 3000, iso_639_1: null, file_path: '/f3FwEHtg8n6Ino9o7FuO55y3VZL.jpg', vote_average: 0, …}
52690:1035 Poster 102: {aspect_ratio: 0.666, height: 1993, iso_639_1: null, file_path: '/1iUbRQfprLwRK6uSuShLUToi2jA.jpg', vote_average: 0, …}
52690:1035 Poster 103: {aspect_ratio: 0.667, height: 2500, iso_639_1: 'en', file_path: '/y8J9HsqHcSt1qeCCmCwqQTR00lF.jpg', vote_average: 0, …}
52690:1035 Poster 104: {aspect_ratio: 0.667, height: 3000, iso_639_1: 'en', file_path: '/uS7bNBOxmu9btC5XsHhCVk8YKML.jpg', vote_average: 0, …}
52690:1035 Poster 105: {aspect_ratio: 0.667, height: 1500, iso_639_1: 'en', file_path: '/3XCOeIhV8aDPBAofaFIfAsPZA7N.jpg', vote_average: 0, …}
52690:1035 Poster 106: {aspect_ratio: 0.667, height: 3000, iso_639_1: null, file_path: '/vNC052A1ZgQTjIvUzt4fgrFqbgY.jpg', vote_average: 0, …}
52690:1035 Poster 107: {aspect_ratio: 0.667, height: 1170, iso_639_1: 'en', file_path: '/awzdKzwqTYhXvDXz0R4fO30x7Kk.jpg', vote_average: 0, …}
52690:1035 Poster 108: {aspect_ratio: 0.667, height: 3000, iso_639_1: 'en', file_path: '/jqGFUuGYR34L69yaDbOK17Y7Vza.jpg', vote_average: 0, …}
52690:1035 Poster 109: {aspect_ratio: 0.667, height: 3000, iso_639_1: 'en', file_path: '/nK30IatE1yqX9Ji637prLd5U807.jpg', vote_average: 0, …}
52690:1035 Poster 110: {aspect_ratio: 0.667, height: 3000, iso_639_1: 'en', file_path: '/4bb5fPNheuspoQiNoPivGZqFZJT.jpg', vote_average: 0, …}
52690:1035 Poster 111: {aspect_ratio: 0.667, height: 3000, iso_639_1: 'en', file_path: '/5oPnmme0PTDm8TqPGP3IHAJEyvu.jpg', vote_average: 0, …}
52690:1035 Poster 112: {aspect_ratio: 0.667, height: 1800, iso_639_1: null, file_path: '/x4K1J5oTiENSZKdVKdpjdLiDFw7.jpg', vote_average: 0, …}
52690:1035 Poster 113: {aspect_ratio: 0.667, height: 1800, iso_639_1: 'en', file_path: '/baF33RZMbhvMJh0xxYMqzs9S9vJ.jpg', vote_average: 0, …}
52690:1035 Poster 114: {aspect_ratio: 0.667, height: 1500, iso_639_1: 'en', file_path: '/w8DtGsxx2Lg1IL7G6FMfC7CPO5O.jpg', vote_average: 0, …}
52690:1035 Poster 115: {aspect_ratio: 0.667, height: 1500, iso_639_1: 'en', file_path: '/5ftuTutjhpPp7MaecOoE2cmyYST.jpg', vote_average: 0, …}
52690:1035 Poster 116: {aspect_ratio: 0.667, height: 1500, iso_639_1: 'en', file_path: '/qHMEUHB2yWQ6vT7DsZNOrkH9lvK.jpg', vote_average: 0, …}
52690:1035 Poster 117: {aspect_ratio: 0.667, height: 1800, iso_639_1: 'en', file_path: '/sheNY5jZk6C6WmIdYVX9pArjcLz.jpg', vote_average: 0, …}
52690:1035 Poster 118: {aspect_ratio: 0.667, height: 900, iso_639_1: 'en', file_path: '/n1OvzefhgYsHREX0fMZ0TMJNu7y.jpg', vote_average: 0, …}
52690:1035 Poster 119: {aspect_ratio: 0.667, height: 3000, iso_639_1: 'en', file_path: '/hcn5fhZkmNoqewtQW1dkp6xJd4z.jpg', vote_average: 0, …}
52690:1035 Poster 120: {aspect_ratio: 0.667, height: 3000, iso_639_1: 'en', file_path: '/oZ6a4GfWSgDGO5ke9J6eCSdqDOV.jpg', vote_average: 0, …}
52690:1035 Poster 121: {aspect_ratio: 0.679, height: 1002, iso_639_1: 'en', file_path: '/3QYFM8HzaFE0hkVnBetpfY998vs.jpg', vote_average: 0, …}
52690:1035 Poster 122: {aspect_ratio: 0.679, height: 1002, iso_639_1: 'en', file_path: '/qKBuAW37rVkiwN8lc3GTvtGkWPD.jpg', vote_average: 0, …}
52690:1035 Poster 123: {aspect_ratio: 0.667, height: 2048, iso_639_1: 'en', file_path: '/kM167X0URIbmqh6KIA5TQ30SKGh.jpg', vote_average: 0, …}
52690:1035 Poster 124: {aspect_ratio: 0.667, height: 3000, iso_639_1: 'en', file_path: '/rhejbbuYlJpiJtxOL6E42Jt9sum.jpg', vote_average: 0, …}
52690:1035 Poster 125: {aspect_ratio: 0.667, height: 3000, iso_639_1: 'en', file_path: '/tznnvW7T1xOggVO0qSPmZhQeT2g.jpg', vote_average: 0, …}
52690:1035 Poster 126: {aspect_ratio: 0.667, height: 3000, iso_639_1: 'en', file_path: '/a7RQ7O7yxbjlbjj12CtzpxIIkDh.jpg', vote_average: 0, …}
52690:1035 Poster 127: {aspect_ratio: 0.667, height: 3000, iso_639_1: 'en', file_path: '/w7pZagwPpf6hjK5hR7vE9wHIcM9.jpg', vote_average: 0, …}
52690:1035 Poster 128: {aspect_ratio: 0.667, height: 3000, iso_639_1: 'en', file_path: '/a1817ZRVQ7evQTDr6uBAOLRxw6Z.jpg', vote_average: 0, …}
52690:1035 Poster 129: {aspect_ratio: 0.667, height: 3000, iso_639_1: 'en', file_path: '/e4zRYQV0duEjS0U5ZBwo9eFFUqJ.jpg', vote_average: 0, …}
52690:1035 Poster 130: {aspect_ratio: 0.667, height: 1500, iso_639_1: 'en', file_path: '/dP9qZEWhOD6QB1pYi6DOHNoXxRm.jpg', vote_average: 0, …}
52690:1035 Poster 131: {aspect_ratio: 0.671, height: 2302, iso_639_1: 'en', file_path: '/obbSTcCKjrrgT2uJrP5UmTGxXoL.jpg', vote_average: 0, …}
52690:1035 Poster 132: {aspect_ratio: 0.674, height: 2880, iso_639_1: 'en', file_path: '/bTuytkzR1tVKr4x9liylTWa3Zt5.jpg', vote_average: 0, …}
52690:1035 Poster 133: {aspect_ratio: 0.667, height: 3000, iso_639_1: 'en', file_path: '/jT4HFJXoE8CtIjhCP1O6MVapjdS.jpg', vote_average: 0, …}
52690:1035 Poster 134: {aspect_ratio: 0.667, height: 1350, iso_639_1: 'en', file_path: '/rS4bzqy28EV1v1lYPuqUJbfVyhM.jpg', vote_average: 0, …}
52690:1035 Poster 135: {aspect_ratio: 0.664, height: 1299, iso_639_1: 'en', file_path: '/nNvS4R9hmF1r8hpvM2HboCWxDyP.jpg', vote_average: 0, …}
52690:1035 Poster 136: {aspect_ratio: 0.667, height: 3000, iso_639_1: null, file_path: '/1gIxXQ3OmI5tYgdgzpH6n0Sr2t2.jpg', vote_average: 0, …}
52690:1035 Poster 137: {aspect_ratio: 0.666, height: 2500, iso_639_1: 'en', file_path: '/qfJXg2Br5pl9ah64kjvRmt8uJDG.jpg', vote_average: 0, …}
52690:1035 Poster 138: {aspect_ratio: 0.667, height: 750, iso_639_1: null, file_path: '/yY6LOEwF1Hrn4uJs5OPzqzZDgoJ.jpg', vote_average: 0, …}
52690:1035 Poster 139: {aspect_ratio: 0.667, height: 1500, iso_639_1: 'en', file_path: '/ezEPl50gLuXen61jrBbD3we95hy.jpg', vote_average: 0, …}
52690:1035 Poster 140: {aspect_ratio: 0.666, height: 779, iso_639_1: null, file_path: '/8x8BJzW7mdN5OTOiVwZrP0lWvnt.jpg', vote_average: 0, …}
52690:1035 Poster 141: {aspect_ratio: 0.667, height: 900, iso_639_1: null, file_path: '/jtLtFfOB0l0hIbOYjOXpffnrm3E.jpg', vote_average: 0, …}
52690:1035 Poster 142: {aspect_ratio: 0.667, height: 2100, iso_639_1: null, file_path: '/tCmgEkTp7NLko78Nz7w9uHppEDF.jpg', vote_average: 0, …}
52690:1035 Poster 143: {aspect_ratio: 0.667, height: 1500, iso_639_1: 'en', file_path: '/cTNxm9BUiZ20H8pShzsOvHdfKQf.jpg', vote_average: 0, …}
52690:1035 Poster 144: {aspect_ratio: 0.667, height: 3000, iso_639_1: null, file_path: '/3d2wvw5diVtMdoYtMh3eE9GNkOd.jpg', vote_average: 0, …}
52690:1035 Poster 145: {aspect_ratio: 0.667, height: 3000, iso_639_1: null, file_path: '/gYXJffwhbN1ZBIgWfd4GvRGAJeO.jpg', vote_average: 0, …}
52690:1035 Poster 146: {aspect_ratio: 0.666, height: 1367, iso_639_1: 'en', file_path: '/xZGIbxpjMjXvsRYHnJM4xKWDIux.jpg', vote_average: 0, …}
52690:1035 Poster 147: {aspect_ratio: 0.705, height: 2480, iso_639_1: 'en', file_path: '/bc54Wc76BFvzLIgY4MHMgAhcwCt.jpg', vote_average: 0, …}
52690:1071 Toggle selection - URL: undefined
52690:1074 No URL found in element!
toggleImageSelection @ 52690:1074
onclick @ 52690:1
52690:1071 Toggle selection - URL: undefined
52690:1074 No URL found in element!
toggleImageSelection @ 52690:1074
onclick @ 52690:1
52690:1110 addSelectedImages called, selectedImages: []
